<?xml version="1.0" encoding="UTF-8"?>
<!-- Generated by org.testng.reporters.JUnitXMLReporter -->
<testsuite ignored="1" hostname="Atul_TUF_F15" failures="0" tests="2" name="Sanity Testing v1.0" time="19.659" errors="0" timestamp="2024-04-24T16:23:42 IST">
  <testcase classname="practicepackage.SeleniumPracticeTest1" name="softAsertsExample" time="5.409"/>
  <testcase classname="practicepackage.SeleniumPracticeTest2" name="testChromeDriver" time="5.834"/>
  <testcase classname="practicepackage.SeleniumPracticeTest1" name="testChromeDriver" time="0.0">
    <ignored/>
  </testcase> <!-- testChromeDriver -->
</testsuite> <!-- Sanity Testing v1.0 -->
