<?xml version="1.0" encoding="UTF-8"?>
<!-- Generated by org.testng.reporters.JUnitXMLReporter -->
<testsuite ignored="0" hostname="Atul_TUF_F15" failures="0" tests="5" name="Before and After Test Check" time="0.044" errors="0" timestamp="2024-04-24T17:34:06 IST">
  <testcase classname="practicepackage.AnnotationsTestClass" name="test1" time="0.004"/>
  <testcase classname="practicepackage.AnnotationsTestClass" name="test2" time="0.002"/>
  <testcase classname="practicepackage.AnnotationsTestClass" name="test3" time="0.001"/>
  <testcase classname="practicepackage.AnnotationsTestClass" name="test4" time="0.002"/>
  <testcase classname="practicepackage.AnnotationsTestClass" name="test5" time="0.0"/>
</testsuite> <!-- Before and After Test Check -->
